pygame 2.1.2 (SDL 2.26.5, Python 3.11.2)
Hello from the pygame community. https://www.pygame.org/contribute.html
<MD49.MotorBoardMD49 object at 0xf56da210>
Connected to Sabretooth controller
CONTROLLER CONNECTED
TRIANGLE | HUM
CIRCLE | SCREAM
TRIANGLE | HUM
TRIANGLE | HUM
CROSS | SENT
PS button | ANNOYED
Fatal crash error No file 'Jedi/mix/ANNOYED.mp3' found in working directory '/home/pi'. ....
pygame 2.1.2 (SDL 2.26.5, Python 3.11.2)
Hello from the pygame community. https://www.pygame.org/contribute.html
<MD49.MotorBoardMD49 object at 0xf3a4aa70>
Connected to Sabretooth controller
CONTROLLER CONNECTED
pygame 2.1.2 (SDL 2.26.5, Python 3.11.2)
Hello from the pygame community. https://www.pygame.org/contribute.html
<MD49.MotorBoardMD49 object at 0xf3c924d0>
Connected to Sabretooth controller
CONTROLLER CONNECTED
TRIANGLE | HUM
CIRCLE | SCREAM
PS button | ANNOYED
PS button | ANNOYED
CROSS | SENT
START | SHORT CIRCUIT
START | SHORT CIRCUIT
START | SHORT CIRCUIT
START | SHORT CIRCUIT
START | SHORT CIRCUIT
START | SHORT CIRCUIT
START | SHORT CIRCUIT
START | SHORT CIRCUIT
START | SHORT CIRCUIT
START | SHORT CIRCUIT
START | SHORT CIRCUIT
START | SHORT CIRCUIT
CIRCLE | SCREAM
CIRCLE | SCREAM
DisCONNE
CONTROLLER CONNECTED
DisCONNE
CONTROLLER CONNECTED
TRIANGLE | HUM
CIRCLE | SCREAM
TRIANGLE | HUM
TRIANGLE | HUM
TRIANGLE | HUM
TRIANGLE | HUM
TRIANGLE | HUM
TRIANGLE | HUM
TRIANGLE | HUM
TRIANGLE | HUM
pygame 2.1.2 (SDL 2.26.5, Python 3.11.2)
Hello from the pygame community. https://www.pygame.org/contribute.html
<MD49.MotorBoardMD49 object at 0xf57b08b0>
Connected to Sabretooth controller
CONTROLLER CONNECTED
PS button | ANNOYED
pygame 2.1.2 (SDL 2.26.5, Python 3.11.2)
Hello from the pygame community. https://www.pygame.org/contribute.html
<MD49.MotorBoardMD49 object at 0xf58a08b0>
Connected to Sabretooth controller
CONTROLLER CONNECTED
pygame 2.1.2 (SDL 2.26.5, Python 3.11.2)
Hello from the pygame community. https://www.pygame.org/contribute.html
<MD49.MotorBoardMD49 object at 0xf407bcd0>
Connected to Sabretooth controller
CONTROLLER CONNECTED
pygame 2.1.2 (SDL 2.26.5, Python 3.11.2)
Hello from the pygame community. https://www.pygame.org/contribute.html
<MD49.MotorBoardMD49 object at 0xf4001f30>
Connected to Sabretooth controller
CONTROLLER CONNECTED
pygame 2.1.2 (SDL 2.26.5, Python 3.11.2)
Hello from the pygame community. https://www.pygame.org/contribute.html
<MD49.MotorBoardMD49 object at 0xf3e21f30>
Connected to Sabretooth controller
CONTROLLER CONNECTED
DisCONNE
CONTROLLER CONNECTED
DisCONNE
CONTROLLER CONNECTED
pygame 2.1.2 (SDL 2.26.5, Python 3.11.2)
Hello from the pygame community. https://www.pygame.org/contribute.html
<MD49.MotorBoardMD49 object at 0xf38e1f30>
Connected to Sabretooth controller
CONTROLLER CONNECTED
PS button | ANNOYED
PS button | ANNOYED
Fatal crash error (4, 'Interrupted system call') ....
pygame 2.1.2 (SDL 2.26.5, Python 3.11.2)
Hello from the pygame community. https://www.pygame.org/contribute.html
<MD49.MotorBoardMD49 object at 0xf3e81f30>
Connected to Sabretooth controller
CONTROLLER CONNECTED
PS button | ANNOYED
PS button | ANNOYED
PS button | ANNOYED
PS button | ANNOYED
Fatal crash error (4, 'Interrupted system call') ....
pygame 2.1.2 (SDL 2.26.5, Python 3.11.2)
Hello from the pygame community. https://www.pygame.org/contribute.html
<MD49.MotorBoardMD49 object at 0xf3dd1f30>
Connected to Sabretooth controller
CONTROLLER CONNECTED
pygame 2.1.2 (SDL 2.26.5, Python 3.11.2)
Hello from the pygame community. https://www.pygame.org/contribute.html
<MD49.MotorBoardMD49 object at 0xf3a81f30>
Connected to Sabretooth controller
CONTROLLER CONNECTED
TRIANGLE | HUM
pygame 2.1.2 (SDL 2.26.5, Python 3.11.2)
Hello from the pygame community. https://www.pygame.org/contribute.html
<MD49.MotorBoardMD49 object at 0xf4077450>
Connected to Sabretooth controller
CONTROLLER CONNECTED
TRIANGLE | HUM
PS button | ANNOYED
PS button | ANNOYED
PS button | ANNOYED
SQUARE | PROC
SQUARE | PROC
SQUARE | PROC
SQUARE | PROC
CIRCLE | SCREAM
CROSS | SENT
CROSS | SENT
CROSS | SENT
CROSS | SENT
CROSS | SENT
SQUARE | PROC
SQUARE | PROC
SQUARE | PROC
SQUARE | PROC
CROSS | SENT
PS button | ANNOYED
CROSS | SENT
CROSS | SENT
CROSS | SENT
CIRCLE | SCREAM
CIRCLE | SCREAM
CIRCLE | SCREAM
TRIANGLE | HUM
DisCONNE
CONTROLLER CONNECTED
DisCONNE
CONTROLLER CONNECTED
pygame 2.1.2 (SDL 2.26.5, Python 3.11.2)
Hello from the pygame community. https://www.pygame.org/contribute.html
<MD49.MotorBoardMD49 object at 0xf4537450>
Connected to Sabretooth controller
CONTROLLER CONNECTED
PS button | ANNOYED
PS button | ANNOYED
CIRCLE | SCREAM
TRIANGLE | HUM
TRIANGLE | HUM
PS button | ANNOYED
PS button | ANNOYED
PS button | ANNOYED
CIRCLE | SCREAM
CROSS | SENT
START | SHORT CIRCUIT
TRIANGLE | HUM
Fatal crash error (4, 'Interrupted system call') ....
pygame 2.1.2 (SDL 2.26.5, Python 3.11.2)
Hello from the pygame community. https://www.pygame.org/contribute.html
<MD49.MotorBoardMD49 object at 0xf42e7450>
Connected to Sabretooth controller
CONTROLLER CONNECTED
PS button | ANNOYED
START | SHORT CIRCUIT
PS button | ANNOYED
pygame 2.1.2 (SDL 2.26.5, Python 3.11.2)
Hello from the pygame community. https://www.pygame.org/contribute.html
<MD49.MotorBoardMD49 object at 0xf45a7450>
Connected to Sabretooth controller
CONTROLLER CONNECTED
PS button | ANNOYED
TRIANGLE | HUM
CIRCLE | SCREAM
PS button | ANNOYED
pygame 2.1.2 (SDL 2.26.5, Python 3.11.2)
Hello from the pygame community. https://www.pygame.org/contribute.html
<MD49.MotorBoardMD49 object at 0xf4287450>
Connected to Sabretooth controller
CONTROLLER CONNECTED
PS button | ANNOYED
PS button | ANNOYED
PS button | ANNOYED
CROSS | SENT
PS button | ANNOYED
pygame 2.1.2 (SDL 2.26.5, Python 3.11.2)
Hello from the pygame community. https://www.pygame.org/contribute.html
<MD49.MotorBoardMD49 object at 0xf41a7450>
Connected to Sabretooth controller
CONTROLLER CONNECTED
PS button | ANNOYED
CIRCLE | SCREAM
CIRCLE | SCREAM
PS button | ANNOYED
PS button | ANNOYED
PS button | ANNOYED
pygame 2.1.2 (SDL 2.26.5, Python 3.11.2)
Hello from the pygame community. https://www.pygame.org/contribute.html
No joystick found. Exiting...
pygame 2.1.2 (SDL 2.26.5, Python 3.11.2)
Hello from the pygame community. https://www.pygame.org/contribute.html
No joystick found. Exiting...
